src/ParkNow_Frontend/android/app/build/intermediates/manifest_merge_blame_file/release/manifest-merger-blame-release-report.txt
1<?xml version="1.0" encoding="utf-8"?>
2<manifest xmlns:android="http://schemas.android.com/apk/res/android"
3    package="com.parking"
4    android:versionCode="1"
5    android:versionName="1.0" >
6
7    <uses-sdk
8        android:minSdkVersion="21"
8-->src/main/AndroidManifest.xml
9        android:targetSdkVersion="33" />
9-->src/main/AndroidManifest.xml
10
11    <uses-permission android:name="android.permission.INTERNET" />
11-->src/main/AndroidManifest.xml:3:5-67
11-->src/main/AndroidManifest.xml:3:22-64
12    <!-- Include required permissions for Google Maps API to run. -->
13    <uses-permission android:name="android.permission.ACCESS_NETWORK_STATE" />
13-->[com.google.android.gms:play-services-maps:18.0.2] AndroidManifest.xml:23:5-79
13-->[com.google.android.gms:play-services-maps:18.0.2] AndroidManifest.xml:23:22-76
14
15    <uses-feature
15-->[com.google.android.gms:play-services-maps:18.0.2] AndroidManifest.xml:26:5-28:35
16        android:glEsVersion="0x00020000"
16-->[com.google.android.gms:play-services-maps:18.0.2] AndroidManifest.xml:27:9-41
17        android:required="true" />
17-->[com.google.android.gms:play-services-maps:18.0.2] AndroidManifest.xml:28:9-32
18
19    <queries>
19-->[com.google.android.gms:play-services-maps:18.0.2] AndroidManifest.xml:30:5-34:15
20
21        <!-- Needs to be explicitly declared on Android R+ -->
22        <package android:name="com.google.android.apps.maps" />
22-->[com.google.android.gms:play-services-maps:18.0.2] AndroidManifest.xml:33:9-64
22-->[com.google.android.gms:play-services-maps:18.0.2] AndroidManifest.xml:33:18-61
23    </queries>
24
25    <uses-permission android:name="android.permission.WAKE_LOCK" />
25-->[androidx.work:work-runtime:2.7.1] AndroidManifest.xml:25:5-68
25-->[androidx.work:work-runtime:2.7.1] AndroidManifest.xml:25:22-65
26    <uses-permission android:name="android.permission.RECEIVE_BOOT_COMPLETED" />
26-->[androidx.work:work-runtime:2.7.1] AndroidManifest.xml:27:5-81
26-->[androidx.work:work-runtime:2.7.1] AndroidManifest.xml:27:22-78
27    <uses-permission android:name="android.permission.FOREGROUND_SERVICE" />
27-->[androidx.work:work-runtime:2.7.1] AndroidManifest.xml:28:5-77
27-->[androidx.work:work-runtime:2.7.1] AndroidManifest.xml:28:22-74
28
29    <application
29-->src/main/AndroidManifest.xml:5:5-27:19
30        android:name="com.parking.MainApplication"
30-->src/main/AndroidManifest.xml:6:7-38
31        android:allowBackup="false"
31-->src/main/AndroidManifest.xml:10:7-34
32        android:appComponentFactory="androidx.core.app.CoreComponentFactory"
32-->[androidx.core:core:1.8.0] AndroidManifest.xml:24:18-86
33        android:icon="@mipmap/ic_launcher"
33-->src/main/AndroidManifest.xml:8:7-41
34        android:label="@string/app_name"
34-->src/main/AndroidManifest.xml:7:7-39
35        android:roundIcon="@mipmap/ic_launcher_round"
35-->src/main/AndroidManifest.xml:9:7-52
36        android:theme="@style/AppTheme" >
36-->src/main/AndroidManifest.xml:11:7-38
37        <meta-data
37-->src/main/AndroidManifest.xml:12:8-14:66
38            android:name="com.google.android.geo.API_KEY"
38-->src/main/AndroidManifest.xml:13:9-54
39            android:value="AIzaSyAA0p1K8FyfuhCf9B52iQmMPZnjU3FsxZA" />
39-->src/main/AndroidManifest.xml:14:9-64
40
41        <activity
41-->src/main/AndroidManifest.xml:15:7-26:18
42            android:name="com.parking.MainActivity"
42-->src/main/AndroidManifest.xml:16:9-37
43            android:configChanges="keyboard|keyboardHidden|orientation|screenLayout|screenSize|smallestScreenSize|uiMode"
43-->src/main/AndroidManifest.xml:18:9-118
44            android:exported="true"
44-->src/main/AndroidManifest.xml:21:9-32
45            android:label="@string/app_name"
45-->src/main/AndroidManifest.xml:17:9-41
46            android:launchMode="singleTask"
46-->src/main/AndroidManifest.xml:19:9-40
47            android:windowSoftInputMode="adjustResize" >
47-->src/main/AndroidManifest.xml:20:9-51
48            <intent-filter>
48-->src/main/AndroidManifest.xml:22:9-25:25
49                <action android:name="android.intent.action.MAIN" />
49-->src/main/AndroidManifest.xml:23:13-65
49-->src/main/AndroidManifest.xml:23:21-62
50
51                <category android:name="android.intent.category.LAUNCHER" />
51-->src/main/AndroidManifest.xml:24:13-73
51-->src/main/AndroidManifest.xml:24:23-70
52            </intent-filter>
53        </activity>
54
55        <provider
55-->[:react-native-share] AndroidManifest.xml:8:9-16:20
56            android:name="cl.json.RNShareFileProvider"
56-->[:react-native-share] AndroidManifest.xml:9:13-55
57            android:authorities="com.parking.rnshare.fileprovider"
57-->[:react-native-share] AndroidManifest.xml:10:13-72
58            android:exported="false"
58-->[:react-native-share] AndroidManifest.xml:11:13-37
59            android:grantUriPermissions="true" >
59-->[:react-native-share] AndroidManifest.xml:12:13-47
60            <meta-data
60-->[:react-native-share] AndroidManifest.xml:13:13-15:64
61                android:name="android.support.FILE_PROVIDER_PATHS"
61-->[:react-native-share] AndroidManifest.xml:14:17-67
62                android:resource="@xml/share_download_paths" />
62-->[:react-native-share] AndroidManifest.xml:15:17-61
63        </provider> <!-- Needs to be explicitly declared on P+ -->
64        <uses-library
64-->[com.google.android.gms:play-services-maps:18.0.2] AndroidManifest.xml:39:9-41:40
65            android:name="org.apache.http.legacy"
65-->[com.google.android.gms:play-services-maps:18.0.2] AndroidManifest.xml:40:13-50
66            android:required="false" />
66-->[com.google.android.gms:play-services-maps:18.0.2] AndroidManifest.xml:41:13-37
67
68        <activity
68-->[com.google.android.gms:play-services-base:18.1.0] AndroidManifest.xml:20:9-22:45
69            android:name="com.google.android.gms.common.api.GoogleApiActivity"
69-->[com.google.android.gms:play-services-base:18.1.0] AndroidManifest.xml:20:19-85
70            android:exported="false"
70-->[com.google.android.gms:play-services-base:18.1.0] AndroidManifest.xml:22:19-43
71            android:theme="@android:style/Theme.Translucent.NoTitleBar" />
71-->[com.google.android.gms:play-services-base:18.1.0] AndroidManifest.xml:21:19-78
72
73        <meta-data
73-->[com.google.android.gms:play-services-basement:18.1.0] AndroidManifest.xml:21:9-23:69
74            android:name="com.google.android.gms.version"
74-->[com.google.android.gms:play-services-basement:18.1.0] AndroidManifest.xml:22:13-58
75            android:value="@integer/google_play_services_version" />
75-->[com.google.android.gms:play-services-basement:18.1.0] AndroidManifest.xml:23:13-66
76
77        <provider
77-->[androidx.work:work-runtime:2.7.1] AndroidManifest.xml:31:9-39:20
78            android:name="androidx.startup.InitializationProvider"
78-->[androidx.work:work-runtime:2.7.1] AndroidManifest.xml:32:13-67
79            android:authorities="com.parking.androidx-startup"
79-->[androidx.work:work-runtime:2.7.1] AndroidManifest.xml:33:13-68
80            android:exported="false" >
80-->[androidx.work:work-runtime:2.7.1] AndroidManifest.xml:34:13-37
81            <meta-data
81-->[androidx.work:work-runtime:2.7.1] AndroidManifest.xml:36:13-38:52
82                android:name="androidx.work.WorkManagerInitializer"
82-->[androidx.work:work-runtime:2.7.1] AndroidManifest.xml:37:17-68
83                android:value="androidx.startup" />
83-->[androidx.work:work-runtime:2.7.1] AndroidManifest.xml:38:17-49
84            <meta-data
84-->[androidx.emoji2:emoji2:1.2.0] AndroidManifest.xml:29:13-31:52
85                android:name="androidx.emoji2.text.EmojiCompatInitializer"
85-->[androidx.emoji2:emoji2:1.2.0] AndroidManifest.xml:30:17-75
86                android:value="androidx.startup" />
86-->[androidx.emoji2:emoji2:1.2.0] AndroidManifest.xml:31:17-49
87            <meta-data
87-->[androidx.lifecycle:lifecycle-process:2.4.1] AndroidManifest.xml:31:13-33:52
88                android:name="androidx.lifecycle.ProcessLifecycleInitializer"
88-->[androidx.lifecycle:lifecycle-process:2.4.1] AndroidManifest.xml:32:17-78
89                android:value="androidx.startup" />
89-->[androidx.lifecycle:lifecycle-process:2.4.1] AndroidManifest.xml:33:17-49
90        </provider>
91
92        <service
92-->[androidx.work:work-runtime:2.7.1] AndroidManifest.xml:41:9-46:35
93            android:name="androidx.work.impl.background.systemalarm.SystemAlarmService"
93-->[androidx.work:work-runtime:2.7.1] AndroidManifest.xml:42:13-88
94            android:directBootAware="false"
94-->[androidx.work:work-runtime:2.7.1] AndroidManifest.xml:43:13-44
95            android:enabled="@bool/enable_system_alarm_service_default"
95-->[androidx.work:work-runtime:2.7.1] AndroidManifest.xml:44:13-72
96            android:exported="false" />
96-->[androidx.work:work-runtime:2.7.1] AndroidManifest.xml:45:13-37
97        <service
97-->[androidx.work:work-runtime:2.7.1] AndroidManifest.xml:47:9-53:35
98            android:name="androidx.work.impl.background.systemjob.SystemJobService"
98-->[androidx.work:work-runtime:2.7.1] AndroidManifest.xml:48:13-84
99            android:directBootAware="false"
99-->[androidx.work:work-runtime:2.7.1] AndroidManifest.xml:49:13-44
100            android:enabled="@bool/enable_system_job_service_default"
100-->[androidx.work:work-runtime:2.7.1] AndroidManifest.xml:50:13-70
101            android:exported="true"
101-->[androidx.work:work-runtime:2.7.1] AndroidManifest.xml:51:13-36
102            android:permission="android.permission.BIND_JOB_SERVICE" />
102-->[androidx.work:work-runtime:2.7.1] AndroidManifest.xml:52:13-69
103        <service
103-->[androidx.work:work-runtime:2.7.1] AndroidManifest.xml:54:9-59:35
104            android:name="androidx.work.impl.foreground.SystemForegroundService"
104-->[androidx.work:work-runtime:2.7.1] AndroidManifest.xml:55:13-81
105            android:directBootAware="false"
105-->[androidx.work:work-runtime:2.7.1] AndroidManifest.xml:56:13-44
106            android:enabled="@bool/enable_system_foreground_service_default"
106-->[androidx.work:work-runtime:2.7.1] AndroidManifest.xml:57:13-77
107            android:exported="false" />
107-->[androidx.work:work-runtime:2.7.1] AndroidManifest.xml:58:13-37
108
109        <receiver
109-->[androidx.work:work-runtime:2.7.1] AndroidManifest.xml:61:9-66:35
110            android:name="androidx.work.impl.utils.ForceStopRunnable$BroadcastReceiver"
110-->[androidx.work:work-runtime:2.7.1] AndroidManifest.xml:62:13-88
111            android:directBootAware="false"
111-->[androidx.work:work-runtime:2.7.1] AndroidManifest.xml:63:13-44
112            android:enabled="true"
112-->[androidx.work:work-runtime:2.7.1] AndroidManifest.xml:64:13-35
113            android:exported="false" />
113-->[androidx.work:work-runtime:2.7.1] AndroidManifest.xml:65:13-37
114        <receiver
114-->[androidx.work:work-runtime:2.7.1] AndroidManifest.xml:67:9-77:20
115            android:name="androidx.work.impl.background.systemalarm.ConstraintProxy$BatteryChargingProxy"
115-->[androidx.work:work-runtime:2.7.1] AndroidManifest.xml:68:13-106
116            android:directBootAware="false"
116-->[androidx.work:work-runtime:2.7.1] AndroidManifest.xml:69:13-44
117            android:enabled="false"
117-->[androidx.work:work-runtime:2.7.1] AndroidManifest.xml:70:13-36
118            android:exported="false" >
118-->[androidx.work:work-runtime:2.7.1] AndroidManifest.xml:71:13-37
119            <intent-filter>
119-->[androidx.work:work-runtime:2.7.1] AndroidManifest.xml:73:13-76:29
120                <action android:name="android.intent.action.ACTION_POWER_CONNECTED" />
120-->[androidx.work:work-runtime:2.7.1] AndroidManifest.xml:74:17-87
120-->[androidx.work:work-runtime:2.7.1] AndroidManifest.xml:74:25-84
121                <action android:name="android.intent.action.ACTION_POWER_DISCONNECTED" />
121-->[androidx.work:work-runtime:2.7.1] AndroidManifest.xml:75:17-90
121-->[androidx.work:work-runtime:2.7.1] AndroidManifest.xml:75:25-87
122            </intent-filter>
123        </receiver>
124        <receiver
124-->[androidx.work:work-runtime:2.7.1] AndroidManifest.xml:78:9-88:20
125            android:name="androidx.work.impl.background.systemalarm.ConstraintProxy$BatteryNotLowProxy"
125-->[androidx.work:work-runtime:2.7.1] AndroidManifest.xml:79:13-104
126            android:directBootAware="false"
126-->[androidx.work:work-runtime:2.7.1] AndroidManifest.xml:80:13-44
127            android:enabled="false"
127-->[androidx.work:work-runtime:2.7.1] AndroidManifest.xml:81:13-36
128            android:exported="false" >
128-->[androidx.work:work-runtime:2.7.1] AndroidManifest.xml:82:13-37
129            <intent-filter>
129-->[androidx.work:work-runtime:2.7.1] AndroidManifest.xml:84:13-87:29
130                <action android:name="android.intent.action.BATTERY_OKAY" />
130-->[androidx.work:work-runtime:2.7.1] AndroidManifest.xml:85:17-77
130-->[androidx.work:work-runtime:2.7.1] AndroidManifest.xml:85:25-74
131                <action android:name="android.intent.action.BATTERY_LOW" />
131-->[androidx.work:work-runtime:2.7.1] AndroidManifest.xml:86:17-76
131-->[androidx.work:work-runtime:2.7.1] AndroidManifest.xml:86:25-73
132            </intent-filter>
133        </receiver>
134        <receiver
134-->[androidx.work:work-runtime:2.7.1] AndroidManifest.xml:89:9-99:20
135            android:name="androidx.work.impl.background.systemalarm.ConstraintProxy$StorageNotLowProxy"
135-->[androidx.work:work-runtime:2.7.1] AndroidManifest.xml:90:13-104
136            android:directBootAware="false"
136-->[androidx.work:work-runtime:2.7.1] AndroidManifest.xml:91:13-44
137            android:enabled="false"
137-->[androidx.work:work-runtime:2.7.1] AndroidManifest.xml:92:13-36
138            android:exported="false" >
138-->[androidx.work:work-runtime:2.7.1] AndroidManifest.xml:93:13-37
139            <intent-filter>
139-->[androidx.work:work-runtime:2.7.1] AndroidManifest.xml:95:13-98:29
140                <action android:name="android.intent.action.DEVICE_STORAGE_LOW" />
140-->[androidx.work:work-runtime:2.7.1] AndroidManifest.xml:96:17-83
140-->[androidx.work:work-runtime:2.7.1] AndroidManifest.xml:96:25-80
141                <action android:name="android.intent.action.DEVICE_STORAGE_OK" />
141-->[androidx.work:work-runtime:2.7.1] AndroidManifest.xml:97:17-82
141-->[androidx.work:work-runtime:2.7.1] AndroidManifest.xml:97:25-79
142            </intent-filter>
143        </receiver>
144        <receiver
144-->[androidx.work:work-runtime:2.7.1] AndroidManifest.xml:100:9-109:20
145            android:name="androidx.work.impl.background.systemalarm.ConstraintProxy$NetworkStateProxy"
145-->[androidx.work:work-runtime:2.7.1] AndroidManifest.xml:101:13-103
146            android:directBootAware="false"
146-->[androidx.work:work-runtime:2.7.1] AndroidManifest.xml:102:13-44
147            android:enabled="false"
147-->[androidx.work:work-runtime:2.7.1] AndroidManifest.xml:103:13-36
148            android:exported="false" >
148-->[androidx.work:work-runtime:2.7.1] AndroidManifest.xml:104:13-37
149            <intent-filter>
149-->[androidx.work:work-runtime:2.7.1] AndroidManifest.xml:106:13-108:29
150                <action android:name="android.net.conn.CONNECTIVITY_CHANGE" />
150-->[androidx.work:work-runtime:2.7.1] AndroidManifest.xml:107:17-79
150-->[androidx.work:work-runtime:2.7.1] AndroidManifest.xml:107:25-76
151            </intent-filter>
152        </receiver>
153        <receiver
153-->[androidx.work:work-runtime:2.7.1] AndroidManifest.xml:110:9-121:20
154            android:name="androidx.work.impl.background.systemalarm.RescheduleReceiver"
154-->[androidx.work:work-runtime:2.7.1] AndroidManifest.xml:111:13-88
155            android:directBootAware="false"
155-->[androidx.work:work-runtime:2.7.1] AndroidManifest.xml:112:13-44
156            android:enabled="false"
156-->[androidx.work:work-runtime:2.7.1] AndroidManifest.xml:113:13-36
157            android:exported="false" >
157-->[androidx.work:work-runtime:2.7.1] AndroidManifest.xml:114:13-37
158            <intent-filter>
158-->[androidx.work:work-runtime:2.7.1] AndroidManifest.xml:116:13-120:29
159                <action android:name="android.intent.action.BOOT_COMPLETED" />
159-->[androidx.work:work-runtime:2.7.1] AndroidManifest.xml:117:17-79
159-->[androidx.work:work-runtime:2.7.1] AndroidManifest.xml:117:25-76
160                <action android:name="android.intent.action.TIME_SET" />
160-->[androidx.work:work-runtime:2.7.1] AndroidManifest.xml:118:17-73
160-->[androidx.work:work-runtime:2.7.1] AndroidManifest.xml:118:25-70
161                <action android:name="android.intent.action.TIMEZONE_CHANGED" />
161-->[androidx.work:work-runtime:2.7.1] AndroidManifest.xml:119:17-81
161-->[androidx.work:work-runtime:2.7.1] AndroidManifest.xml:119:25-78
162            </intent-filter>
163        </receiver>
164        <receiver
164-->[androidx.work:work-runtime:2.7.1] AndroidManifest.xml:122:9-131:20
165            android:name="androidx.work.impl.background.systemalarm.ConstraintProxyUpdateReceiver"
165-->[androidx.work:work-runtime:2.7.1] AndroidManifest.xml:123:13-99
166            android:directBootAware="false"
166-->[androidx.work:work-runtime:2.7.1] AndroidManifest.xml:124:13-44
167            android:enabled="@bool/enable_system_alarm_service_default"
167-->[androidx.work:work-runtime:2.7.1] AndroidManifest.xml:125:13-72
168            android:exported="false" >
168-->[androidx.work:work-runtime:2.7.1] AndroidManifest.xml:126:13-37
169            <intent-filter>
169-->[androidx.work:work-runtime:2.7.1] AndroidManifest.xml:128:13-130:29
170                <action android:name="androidx.work.impl.background.systemalarm.UpdateProxies" />
170-->[androidx.work:work-runtime:2.7.1] AndroidManifest.xml:129:17-98
170-->[androidx.work:work-runtime:2.7.1] AndroidManifest.xml:129:25-95
171            </intent-filter>
172        </receiver>
173        <receiver
173-->[androidx.work:work-runtime:2.7.1] AndroidManifest.xml:132:9-142:20
174            android:name="androidx.work.impl.diagnostics.DiagnosticsReceiver"
174-->[androidx.work:work-runtime:2.7.1] AndroidManifest.xml:133:13-78
175            android:directBootAware="false"
175-->[androidx.work:work-runtime:2.7.1] AndroidManifest.xml:134:13-44
176            android:enabled="true"
176-->[androidx.work:work-runtime:2.7.1] AndroidManifest.xml:135:13-35
177            android:exported="true"
177-->[androidx.work:work-runtime:2.7.1] AndroidManifest.xml:136:13-36
178            android:permission="android.permission.DUMP" >
178-->[androidx.work:work-runtime:2.7.1] AndroidManifest.xml:137:13-57
179            <intent-filter>
179-->[androidx.work:work-runtime:2.7.1] AndroidManifest.xml:139:13-141:29
180                <action android:name="androidx.work.diagnostics.REQUEST_DIAGNOSTICS" />
180-->[androidx.work:work-runtime:2.7.1] AndroidManifest.xml:140:17-88
180-->[androidx.work:work-runtime:2.7.1] AndroidManifest.xml:140:25-85
181            </intent-filter>
182        </receiver>
183
184        <meta-data
184-->[com.facebook.soloader:soloader:0.10.5] AndroidManifest.xml:12:9-14:37
185            android:name="com.facebook.soloader.enabled"
185-->[com.facebook.soloader:soloader:0.10.5] AndroidManifest.xml:13:13-57
186            android:value="false" />
186-->[com.facebook.soloader:soloader:0.10.5] AndroidManifest.xml:14:13-34
187
188        <service
188-->[androidx.room:room-runtime:2.2.5] AndroidManifest.xml:25:9-28:40
189            android:name="androidx.room.MultiInstanceInvalidationService"
189-->[androidx.room:room-runtime:2.2.5] AndroidManifest.xml:26:13-74
190            android:directBootAware="true"
190-->[androidx.room:room-runtime:2.2.5] AndroidManifest.xml:27:13-43
191            android:exported="false" />
191-->[androidx.room:room-runtime:2.2.5] AndroidManifest.xml:28:13-37
192    </application>
193
194</manifest>